
----------------------------------------------------------------------
17707:CSTERR
Entity: 2
A runtime error was detected at time 0.21626958 at the following block:

 *   25 141$            WRITE,eventLog,"%s,":Entity.Type:NEXT(142$);

Data type mismatch.
Value: 2.0
Data Type: Real
Expected Data Type: String
----------------------------------------------------------------------



----------------------------------------------------------------------
17707:CSTERR
Entity: 2
A runtime error was detected at time 0.21626958 at the following block:

 *   26 142$            WRITE,eventLog,"%s,":Entity.Sequence:NEXT(143$);

Data type mismatch.
Value: 1.0
Data Type: Real
Expected Data Type: String
----------------------------------------------------------------------



----------------------------------------------------------------------
17707:CSTERR
Entity: 3
A runtime error was detected at time 0.51452251 at the following block:

 *  104 347$            WRITE,eventLog,"%s,":Entity.Type:NEXT(348$);

Data type mismatch.
Value: 3.0
Data Type: Real
Expected Data Type: String
----------------------------------------------------------------------



----------------------------------------------------------------------
17707:CSTERR
Entity: 3
A runtime error was detected at time 0.51452251 at the following block:

 *  105 348$            WRITE,eventLog,"%s,":Entity.Sequence:NEXT(349$);

Data type mismatch.
Value: 2.0
Data Type: Real
Expected Data Type: String
----------------------------------------------------------------------



----------------------------------------------------------------------
17707:CSTERR
Entity: 4
A runtime error was detected at time 0.70462737 at the following block:

 *   54 211$            WRITE,eventLog,"%s,":Entity.Type:NEXT(212$);

Data type mismatch.
Value: 1.0
Data Type: Real
Expected Data Type: String
----------------------------------------------------------------------



----------------------------------------------------------------------
17707:CSTERR
Entity: 4
A runtime error was detected at time 0.70462737 at the following block:

 *   55 212$            WRITE,eventLog,"%s,":Entity.Sequence:NEXT(213$);

Data type mismatch.
Value: 3.0
Data Type: Real
Expected Data Type: String
----------------------------------------------------------------------



----------------------------------------------------------------------
17707:CSTERR
Entity: 7
A runtime error was detected at time 0.97597253 at the following block:

 *   79 279$            WRITE,eventLog,"%s,":Entity.Type:NEXT(280$);

Data type mismatch.
Value: 1.0
Data Type: Real
Expected Data Type: String
----------------------------------------------------------------------



----------------------------------------------------------------------
17707:CSTERR
Entity: 7
A runtime error was detected at time 0.97597253 at the following block:

 *   80 280$            WRITE,eventLog,"%s,":Entity.Sequence:NEXT(281$);

Data type mismatch.
Value: 3.0
Data Type: Real
Expected Data Type: String
----------------------------------------------------------------------



----------------------------------------------------------------------
17707:CSTERR
Entity: 8
A runtime error was detected at time 1.2783069 at the following block:

 *   79 279$            WRITE,eventLog,"%s,":Entity.Type:NEXT(280$);

Data type mismatch.
Value: 1.0
Data Type: Real
Expected Data Type: String
----------------------------------------------------------------------



----------------------------------------------------------------------
17707:CSTERR
Entity: 8
A runtime error was detected at time 1.2783069 at the following block:

 *   80 280$            WRITE,eventLog,"%s,":Entity.Sequence:NEXT(281$);

Data type mismatch.
Value: 3.0
Data Type: Real
Expected Data Type: String
----------------------------------------------------------------------



----------------------------------------------------------------------
17707:CSTERR
Entity: 2
A runtime error was detected at time 1.5120887 at the following block:

 *  132 417$            WRITE,eventLog,"%s,":Entity.Type:NEXT(418$);

Data type mismatch.
Value: 2.0
Data Type: Real
Expected Data Type: String
----------------------------------------------------------------------



----------------------------------------------------------------------
17707:CSTERR
Entity: 2
A runtime error was detected at time 1.5120887 at the following block:

 *  133 418$            WRITE,eventLog,"%s,":Entity.Sequence:NEXT(419$);

Data type mismatch.
Value: 1.0
Data Type: Real
Expected Data Type: String
----------------------------------------------------------------------



----------------------------------------------------------------------
17707:CSTERR
Entity: 6
A runtime error was detected at time 1.7223246 at the following block:

 *  157 485$            WRITE,eventLog,"%s,":Entity.Type:NEXT(486$);

Data type mismatch.
Value: 3.0
Data Type: Real
Expected Data Type: String
----------------------------------------------------------------------



----------------------------------------------------------------------
17707:CSTERR
Entity: 6
A runtime error was detected at time 1.7223246 at the following block:

 *  158 486$            WRITE,eventLog,"%s,":Entity.Sequence:NEXT(487$);

Data type mismatch.
Value: 2.0
Data Type: Real
Expected Data Type: String
----------------------------------------------------------------------



----------------------------------------------------------------------
17707:CSTERR
Entity: 9
A runtime error was detected at time 1.9203105 at the following block:

 *   25 141$            WRITE,eventLog,"%s,":Entity.Type:NEXT(142$);

Data type mismatch.
Value: 1.0
Data Type: Real
Expected Data Type: String
----------------------------------------------------------------------



----------------------------------------------------------------------
17707:CSTERR
Entity: 9
A runtime error was detected at time 1.9203105 at the following block:

 *   26 142$            WRITE,eventLog,"%s,":Entity.Sequence:NEXT(143$);

Data type mismatch.
Value: 3.0
Data Type: Real
Expected Data Type: String
----------------------------------------------------------------------



----------------------------------------------------------------------
17707:CSTERR
Entity: 5
A runtime error was detected at time 2.2300999 at the following block:

 *   79 279$            WRITE,eventLog,"%s,":Entity.Type:NEXT(280$);

Data type mismatch.
Value: 2.0
Data Type: Real
Expected Data Type: String
----------------------------------------------------------------------



----------------------------------------------------------------------
17707:CSTERR
Entity: 5
A runtime error was detected at time 2.2300999 at the following block:

 *   80 280$            WRITE,eventLog,"%s,":Entity.Sequence:NEXT(281$);

Data type mismatch.
Value: 1.0
Data Type: Real
Expected Data Type: String
----------------------------------------------------------------------



----------------------------------------------------------------------
17707:CSTERR
Entity: 3
A runtime error was detected at time 2.55592 at the following block:

 *  182 553$            WRITE,eventLog,"%s,":Entity.Type:NEXT(554$);

Data type mismatch.
Value: 3.0
Data Type: Real
Expected Data Type: String
----------------------------------------------------------------------



----------------------------------------------------------------------
17707:CSTERR
Entity: 3
A runtime error was detected at time 2.55592 at the following block:

 *  183 554$            WRITE,eventLog,"%s,":Entity.Sequence:NEXT(555$);

Data type mismatch.
Value: 2.0
Data Type: Real
Expected Data Type: String
----------------------------------------------------------------------



----------------------------------------------------------------------
17707:CSTERR
Entity: 4
A runtime error was detected at time 2.8152827 at the following block:

 *  208 621$            WRITE,eventLog,"%s,":Entity.Type:NEXT(622$);

Data type mismatch.
Value: 1.0
Data Type: Real
Expected Data Type: String
----------------------------------------------------------------------



----------------------------------------------------------------------
17707:CSTERR
Entity: 4
A runtime error was detected at time 2.8152827 at the following block:

 *  209 622$            WRITE,eventLog,"%s,":Entity.Sequence:NEXT(623$);

Data type mismatch.
Value: 3.0
Data Type: Real
Expected Data Type: String
----------------------------------------------------------------------



----------------------------------------------------------------------
17707:CSTERR
Entity: 7
A runtime error was detected at time 3.0746634 at the following block:

 *  208 621$            WRITE,eventLog,"%s,":Entity.Type:NEXT(622$);

Data type mismatch.
Value: 1.0
Data Type: Real
Expected Data Type: String
----------------------------------------------------------------------



----------------------------------------------------------------------
17707:CSTERR
Entity: 7
A runtime error was detected at time 3.0746634 at the following block:

 *  209 622$            WRITE,eventLog,"%s,":Entity.Sequence:NEXT(623$);

Data type mismatch.
Value: 3.0
Data Type: Real
Expected Data Type: String
----------------------------------------------------------------------



----------------------------------------------------------------------
17707:CSTERR
Entity: 10
A runtime error was detected at time 3.2794798 at the following block:

 *  104 347$            WRITE,eventLog,"%s,":Entity.Type:NEXT(348$);

Data type mismatch.
Value: 3.0
Data Type: Real
Expected Data Type: String
----------------------------------------------------------------------



----------------------------------------------------------------------
17707:CSTERR
Entity: 10
A runtime error was detected at time 3.2794798 at the following block:

 *  105 348$            WRITE,eventLog,"%s,":Entity.Sequence:NEXT(349$);

Data type mismatch.
Value: 2.0
Data Type: Real
Expected Data Type: String
----------------------------------------------------------------------



----------------------------------------------------------------------
17707:CSTERR
Entity: 13
A runtime error was detected at time 3.5054269 at the following block:

 *  157 485$            WRITE,eventLog,"%s,":Entity.Type:NEXT(486$);

Data type mismatch.
Value: 3.0
Data Type: Real
Expected Data Type: String
----------------------------------------------------------------------



----------------------------------------------------------------------
17707:CSTERR
Entity: 13
A runtime error was detected at time 3.5054269 at the following block:

 *  158 486$            WRITE,eventLog,"%s,":Entity.Sequence:NEXT(487$);

Data type mismatch.
Value: 2.0
Data Type: Real
Expected Data Type: String
----------------------------------------------------------------------



----------------------------------------------------------------------
17707:CSTERR
Entity: 8
A runtime error was detected at time 3.6702291 at the following block:

 *  208 621$            WRITE,eventLog,"%s,":Entity.Type:NEXT(622$);

Data type mismatch.
Value: 1.0
Data Type: Real
Expected Data Type: String
----------------------------------------------------------------------



----------------------------------------------------------------------
17707:CSTERR
Entity: 8
A runtime error was detected at time 3.6702291 at the following block:

 *  209 622$            WRITE,eventLog,"%s,":Entity.Sequence:NEXT(623$);

Data type mismatch.
Value: 3.0
Data Type: Real
Expected Data Type: String
----------------------------------------------------------------------



----------------------------------------------------------------------
17707:CSTERR
Entity: 2
A runtime error was detected at time 3.8730775 at the following block:

 *  208 621$            WRITE,eventLog,"%s,":Entity.Type:NEXT(622$);

Data type mismatch.
Value: 2.0
Data Type: Real
Expected Data Type: String
----------------------------------------------------------------------



----------------------------------------------------------------------
17707:CSTERR
Entity: 2
A runtime error was detected at time 3.8730775 at the following block:

 *  209 622$            WRITE,eventLog,"%s,":Entity.Sequence:NEXT(623$);

Data type mismatch.
Value: 1.0
Data Type: Real
Expected Data Type: String
----------------------------------------------------------------------



----------------------------------------------------------------------
17707:CSTERR
Entity: 6
A runtime error was detected at time 4.1369237 at the following block:

 *  208 621$            WRITE,eventLog,"%s,":Entity.Type:NEXT(622$);

Data type mismatch.
Value: 3.0
Data Type: Real
Expected Data Type: String
----------------------------------------------------------------------



----------------------------------------------------------------------
17707:CSTERR
Entity: 6
A runtime error was detected at time 4.1369237 at the following block:

 *  209 622$            WRITE,eventLog,"%s,":Entity.Sequence:NEXT(623$);

Data type mismatch.
Value: 2.0
Data Type: Real
Expected Data Type: String
----------------------------------------------------------------------



----------------------------------------------------------------------
17707:CSTERR
Entity: 14
A runtime error was detected at time 4.3932938 at the following block:

 *  132 417$            WRITE,eventLog,"%s,":Entity.Type:NEXT(418$);

Data type mismatch.
Value: 3.0
Data Type: Real
Expected Data Type: String
----------------------------------------------------------------------



----------------------------------------------------------------------
17707:CSTERR
Entity: 14
A runtime error was detected at time 4.3932938 at the following block:

 *  133 418$            WRITE,eventLog,"%s,":Entity.Sequence:NEXT(419$);

Data type mismatch.
Value: 2.0
Data Type: Real
Expected Data Type: String
----------------------------------------------------------------------



----------------------------------------------------------------------
17707:CSTERR
Entity: 9
A runtime error was detected at time 4.5878742 at the following block:

 *  208 621$            WRITE,eventLog,"%s,":Entity.Type:NEXT(622$);

Data type mismatch.
Value: 1.0
Data Type: Real
Expected Data Type: String
----------------------------------------------------------------------



----------------------------------------------------------------------
17707:CSTERR
Entity: 9
A runtime error was detected at time 4.5878742 at the following block:

 *  209 622$            WRITE,eventLog,"%s,":Entity.Sequence:NEXT(623$);

Data type mismatch.
Value: 3.0
Data Type: Real
Expected Data Type: String
----------------------------------------------------------------------



----------------------------------------------------------------------
17707:CSTERR
Entity: 15
A runtime error was detected at time 4.8652997 at the following block:

 *  157 485$            WRITE,eventLog,"%s,":Entity.Type:NEXT(486$);

Data type mismatch.
Value: 3.0
Data Type: Real
Expected Data Type: String
----------------------------------------------------------------------



----------------------------------------------------------------------
17707:CSTERR
Entity: 15
A runtime error was detected at time 4.8652997 at the following block:

 *  158 486$            WRITE,eventLog,"%s,":Entity.Sequence:NEXT(487$);

Data type mismatch.
Value: 2.0
Data Type: Real
Expected Data Type: String
----------------------------------------------------------------------



----------------------------------------------------------------------
17707:CSTERR
Entity: 12
A runtime error was detected at time 5.1270778 at the following block:

 *   25 141$            WRITE,eventLog,"%s,":Entity.Type:NEXT(142$);

Data type mismatch.
Value: 2.0
Data Type: Real
Expected Data Type: String
----------------------------------------------------------------------



----------------------------------------------------------------------
17707:CSTERR
Entity: 12
A runtime error was detected at time 5.1270778 at the following block:

 *   26 142$            WRITE,eventLog,"%s,":Entity.Sequence:NEXT(143$);

Data type mismatch.
Value: 1.0
Data Type: Real
Expected Data Type: String
----------------------------------------------------------------------



----------------------------------------------------------------------
17707:CSTERR
Entity: 5
A runtime error was detected at time 5.3172139 at the following block:

 *  157 485$            WRITE,eventLog,"%s,":Entity.Type:NEXT(486$);

Data type mismatch.
Value: 2.0
Data Type: Real
Expected Data Type: String
----------------------------------------------------------------------



----------------------------------------------------------------------
17707:CSTERR
Entity: 5
A runtime error was detected at time 5.3172139 at the following block:

 *  158 486$            WRITE,eventLog,"%s,":Entity.Sequence:NEXT(487$);

Data type mismatch.
Value: 1.0
Data Type: Real
Expected Data Type: String
----------------------------------------------------------------------



----------------------------------------------------------------------
17707:CSTERR
Entity: 11
A runtime error was detected at time 5.6273688 at the following block:

 *   54 211$            WRITE,eventLog,"%s,":Entity.Type:NEXT(212$);

Data type mismatch.
Value: 1.0
Data Type: Real
Expected Data Type: String
----------------------------------------------------------------------



----------------------------------------------------------------------
17707:CSTERR
Entity: 11
A runtime error was detected at time 5.6273688 at the following block:

 *   55 212$            WRITE,eventLog,"%s,":Entity.Sequence:NEXT(213$);

Data type mismatch.
Value: 3.0
Data Type: Real
Expected Data Type: String
----------------------------------------------------------------------



----------------------------------------------------------------------
17707:CSTERR
Entity: 10
A runtime error was detected at time 5.8765464 at the following block:

 *  182 553$            WRITE,eventLog,"%s,":Entity.Type:NEXT(554$);

Data type mismatch.
Value: 3.0
Data Type: Real
Expected Data Type: String
----------------------------------------------------------------------



----------------------------------------------------------------------
17707:CSTERR
Entity: 10
A runtime error was detected at time 5.8765464 at the following block:

 *  183 554$            WRITE,eventLog,"%s,":Entity.Sequence:NEXT(555$);

Data type mismatch.
Value: 2.0
Data Type: Real
Expected Data Type: String
----------------------------------------------------------------------



----------------------------------------------------------------------
17707:CSTERR
Entity: 13
A runtime error was detected at time 6.1013565 at the following block:

 *  208 621$            WRITE,eventLog,"%s,":Entity.Type:NEXT(622$);

Data type mismatch.
Value: 3.0
Data Type: Real
Expected Data Type: String
----------------------------------------------------------------------



----------------------------------------------------------------------
17707:CSTERR
Entity: 13
A runtime error was detected at time 6.1013565 at the following block:

 *  209 622$            WRITE,eventLog,"%s,":Entity.Sequence:NEXT(623$);

Data type mismatch.
Value: 2.0
Data Type: Real
Expected Data Type: String
----------------------------------------------------------------------



----------------------------------------------------------------------
17707:CSTERR
Entity: 17
A runtime error was detected at time 6.315905 at the following block:

 *   79 279$            WRITE,eventLog,"%s,":Entity.Type:NEXT(280$);

Data type mismatch.
Value: 1.0
Data Type: Real
Expected Data Type: String
----------------------------------------------------------------------



----------------------------------------------------------------------
17707:CSTERR
Entity: 17
A runtime error was detected at time 6.315905 at the following block:

 *   80 280$            WRITE,eventLog,"%s,":Entity.Sequence:NEXT(281$);

Data type mismatch.
Value: 3.0
Data Type: Real
Expected Data Type: String
----------------------------------------------------------------------



----------------------------------------------------------------------
17707:CSTERR
Entity: 16
A runtime error was detected at time 6.4980489 at the following block:

 *   79 279$            WRITE,eventLog,"%s,":Entity.Type:NEXT(280$);

Data type mismatch.
Value: 2.0
Data Type: Real
Expected Data Type: String
----------------------------------------------------------------------



----------------------------------------------------------------------
17707:CSTERR
Entity: 16
A runtime error was detected at time 6.4980489 at the following block:

 *   80 280$            WRITE,eventLog,"%s,":Entity.Sequence:NEXT(281$);

Data type mismatch.
Value: 1.0
Data Type: Real
Expected Data Type: String
----------------------------------------------------------------------



----------------------------------------------------------------------
17707:CSTERR
Entity: 14
A runtime error was detected at time 6.7106228 at the following block:

 *  208 621$            WRITE,eventLog,"%s,":Entity.Type:NEXT(622$);

Data type mismatch.
Value: 3.0
Data Type: Real
Expected Data Type: String
----------------------------------------------------------------------



----------------------------------------------------------------------
17707:CSTERR
Entity: 14
A runtime error was detected at time 6.7106228 at the following block:

 *  209 622$            WRITE,eventLog,"%s,":Entity.Sequence:NEXT(623$);

Data type mismatch.
Value: 2.0
Data Type: Real
Expected Data Type: String
----------------------------------------------------------------------



----------------------------------------------------------------------
17707:CSTERR
Entity: 15
A runtime error was detected at time 7.01255 at the following block:

 *  208 621$            WRITE,eventLog,"%s,":Entity.Type:NEXT(622$);

Data type mismatch.
Value: 3.0
Data Type: Real
Expected Data Type: String
----------------------------------------------------------------------



----------------------------------------------------------------------
17707:CSTERR
Entity: 15
A runtime error was detected at time 7.01255 at the following block:

 *  209 622$            WRITE,eventLog,"%s,":Entity.Sequence:NEXT(623$);

Data type mismatch.
Value: 2.0
Data Type: Real
Expected Data Type: String
----------------------------------------------------------------------



----------------------------------------------------------------------
17707:CSTERR
Entity: 12
A runtime error was detected at time 7.2943573 at the following block:

 *  104 347$            WRITE,eventLog,"%s,":Entity.Type:NEXT(348$);

Data type mismatch.
Value: 2.0
Data Type: Real
Expected Data Type: String
----------------------------------------------------------------------



----------------------------------------------------------------------
17707:CSTERR
Entity: 12
A runtime error was detected at time 7.2943573 at the following block:

 *  105 348$            WRITE,eventLog,"%s,":Entity.Sequence:NEXT(349$);

Data type mismatch.
Value: 1.0
Data Type: Real
Expected Data Type: String
----------------------------------------------------------------------



----------------------------------------------------------------------
17707:CSTERR
Entity: 5
A runtime error was detected at time 7.5295245 at the following block:

 *  208 621$            WRITE,eventLog,"%s,":Entity.Type:NEXT(622$);

Data type mismatch.
Value: 2.0
Data Type: Real
Expected Data Type: String
----------------------------------------------------------------------



----------------------------------------------------------------------
17707:CSTERR
Entity: 5
A runtime error was detected at time 7.5295245 at the following block:

 *  209 622$            WRITE,eventLog,"%s,":Entity.Sequence:NEXT(623$);

Data type mismatch.
Value: 1.0
Data Type: Real
Expected Data Type: String
----------------------------------------------------------------------



----------------------------------------------------------------------
17707:CSTERR
Entity: 18
A runtime error was detected at time 7.8168431 at the following block:

 *   25 141$            WRITE,eventLog,"%s,":Entity.Type:NEXT(142$);

Data type mismatch.
Value: 2.0
Data Type: Real
Expected Data Type: String
----------------------------------------------------------------------



----------------------------------------------------------------------
17707:CSTERR
Entity: 18
A runtime error was detected at time 7.8168431 at the following block:

 *   26 142$            WRITE,eventLog,"%s,":Entity.Sequence:NEXT(143$);

Data type mismatch.
Value: 1.0
Data Type: Real
Expected Data Type: String
----------------------------------------------------------------------



----------------------------------------------------------------------
17707:CSTERR
Entity: 11
A runtime error was detected at time 8.0411237 at the following block:

 *  208 621$            WRITE,eventLog,"%s,":Entity.Type:NEXT(622$);

Data type mismatch.
Value: 1.0
Data Type: Real
Expected Data Type: String
----------------------------------------------------------------------



----------------------------------------------------------------------
17707:CSTERR
Entity: 11
A runtime error was detected at time 8.0411237 at the following block:

 *  209 622$            WRITE,eventLog,"%s,":Entity.Sequence:NEXT(623$);

Data type mismatch.
Value: 3.0
Data Type: Real
Expected Data Type: String
----------------------------------------------------------------------



----------------------------------------------------------------------
17707:CSTERR
Entity: 17
A runtime error was detected at time 8.2496848 at the following block:

 *  182 553$            WRITE,eventLog,"%s,":Entity.Type:NEXT(554$);

Data type mismatch.
Value: 1.0
Data Type: Real
Expected Data Type: String
----------------------------------------------------------------------



----------------------------------------------------------------------
17707:CSTERR
Entity: 17
A runtime error was detected at time 8.2496848 at the following block:

 *  183 554$            WRITE,eventLog,"%s,":Entity.Sequence:NEXT(555$);

Data type mismatch.
Value: 3.0
Data Type: Real
Expected Data Type: String
----------------------------------------------------------------------



----------------------------------------------------------------------
17707:CSTERR
Entity: 16
A runtime error was detected at time 8.5053024 at the following block:

 *  132 417$            WRITE,eventLog,"%s,":Entity.Type:NEXT(418$);

Data type mismatch.
Value: 2.0
Data Type: Real
Expected Data Type: String
----------------------------------------------------------------------



----------------------------------------------------------------------
17707:CSTERR
Entity: 16
A runtime error was detected at time 8.5053024 at the following block:

 *  133 418$            WRITE,eventLog,"%s,":Entity.Sequence:NEXT(419$);

Data type mismatch.
Value: 1.0
Data Type: Real
Expected Data Type: String
----------------------------------------------------------------------



----------------------------------------------------------------------
17707:CSTERR
Entity: 19
A runtime error was detected at time 8.8029031 at the following block:

 *   54 211$            WRITE,eventLog,"%s,":Entity.Type:NEXT(212$);

Data type mismatch.
Value: 2.0
Data Type: Real
Expected Data Type: String
----------------------------------------------------------------------



----------------------------------------------------------------------
17707:CSTERR
Entity: 19
A runtime error was detected at time 8.8029031 at the following block:

 *   55 212$            WRITE,eventLog,"%s,":Entity.Sequence:NEXT(213$);

Data type mismatch.
Value: 1.0
Data Type: Real
Expected Data Type: String
----------------------------------------------------------------------



----------------------------------------------------------------------
17707:CSTERR
Entity: 12
A runtime error was detected at time 9.0434 at the following block:

 *  208 621$            WRITE,eventLog,"%s,":Entity.Type:NEXT(622$);

Data type mismatch.
Value: 2.0
Data Type: Real
Expected Data Type: String
----------------------------------------------------------------------



----------------------------------------------------------------------
17707:CSTERR
Entity: 12
A runtime error was detected at time 9.0434 at the following block:

 *  209 622$            WRITE,eventLog,"%s,":Entity.Sequence:NEXT(623$);

Data type mismatch.
Value: 1.0
Data Type: Real
Expected Data Type: String
----------------------------------------------------------------------



----------------------------------------------------------------------
17707:CSTERR
Entity: 18
A runtime error was detected at time 9.278974 at the following block:

 *  104 347$            WRITE,eventLog,"%s,":Entity.Type:NEXT(348$);

Data type mismatch.
Value: 2.0
Data Type: Real
Expected Data Type: String
----------------------------------------------------------------------



----------------------------------------------------------------------
17707:CSTERR
Entity: 18
A runtime error was detected at time 9.278974 at the following block:

 *  105 348$            WRITE,eventLog,"%s,":Entity.Sequence:NEXT(349$);

Data type mismatch.
Value: 1.0
Data Type: Real
Expected Data Type: String
----------------------------------------------------------------------



----------------------------------------------------------------------
17707:CSTERR
Entity: 16
A runtime error was detected at time 9.5103664 at the following block:

 *  182 553$            WRITE,eventLog,"%s,":Entity.Type:NEXT(554$);

Data type mismatch.
Value: 2.0
Data Type: Real
Expected Data Type: String
----------------------------------------------------------------------



----------------------------------------------------------------------
17707:CSTERR
Entity: 16
A runtime error was detected at time 9.5103664 at the following block:

 *  183 554$            WRITE,eventLog,"%s,":Entity.Sequence:NEXT(555$);

Data type mismatch.
Value: 1.0
Data Type: Real
Expected Data Type: String
----------------------------------------------------------------------



----------------------------------------------------------------------
17707:CSTERR
Entity: 19
A runtime error was detected at time 9.7230849 at the following block:

 *  132 417$            WRITE,eventLog,"%s,":Entity.Type:NEXT(418$);

Data type mismatch.
Value: 2.0
Data Type: Real
Expected Data Type: String
----------------------------------------------------------------------



----------------------------------------------------------------------
17707:CSTERR
Entity: 19
A runtime error was detected at time 9.7230849 at the following block:

 *  133 418$            WRITE,eventLog,"%s,":Entity.Sequence:NEXT(419$);

Data type mismatch.
Value: 1.0
Data Type: Real
Expected Data Type: String
----------------------------------------------------------------------



----------------------------------------------------------------------
17707:CSTERR
Entity: 18
A runtime error was detected at time 9.9695544 at the following block:

 *  208 621$            WRITE,eventLog,"%s,":Entity.Type:NEXT(622$);

Data type mismatch.
Value: 2.0
Data Type: Real
Expected Data Type: String
----------------------------------------------------------------------



----------------------------------------------------------------------
17707:CSTERR
Entity: 18
A runtime error was detected at time 9.9695544 at the following block:

 *  209 622$            WRITE,eventLog,"%s,":Entity.Sequence:NEXT(623$);

Data type mismatch.
Value: 1.0
Data Type: Real
Expected Data Type: String
----------------------------------------------------------------------



----------------------------------------------------------------------
17707:CSTERR
Entity: 19
A runtime error was detected at time 10.2147 at the following block:

 *  182 553$            WRITE,eventLog,"%s,":Entity.Type:NEXT(554$);

Data type mismatch.
Value: 2.0
Data Type: Real
Expected Data Type: String
----------------------------------------------------------------------



----------------------------------------------------------------------
17707:CSTERR
Entity: 19
A runtime error was detected at time 10.2147 at the following block:

 *  183 554$            WRITE,eventLog,"%s,":Entity.Sequence:NEXT(555$);

Data type mismatch.
Value: 1.0
Data Type: Real
Expected Data Type: String
----------------------------------------------------------------------



                                      ARENA Simulation Results
                                                  

                                  Summary for Replication 1 of 1

Project: Unnamed Project                                             Run execution date : 3/30/2018
Analyst: Marco                                                       Model revision date: 3/30/2018

Replication ended at time      : 10.2147 Hours 
Base Time Units: Hours

                                           TALLY VARIABLES

Identifier                                  Average   Half Width  Minimum    Maximum   Observations
___________________________________________________________________________________________________

Caneca.VATime                               .46624     (Insuf)    .39257     .53444          6    
Caneca.NVATime                              .00000     (Insuf)    .00000     .00000          6    
Caneca.WaitTime                             3.4539     (Insuf)    2.3658     5.2614          6    
Caneca.TranTime                             .00000     (Insuf)    .00000     .00000          6    
Caneca.OtherTime                            .00000     (Insuf)    .00000     .00000          6    
Caneca.TotalTime                            3.9202     (Insuf)    2.8152     5.7958          6    
Prato.VATime                                .72768     (Insuf)    .65290     .78408          6    
Prato.NVATime                               .00000     (Insuf)    .00000     .00000          6    
Prato.WaitTime                              4.3938     (Insuf)    2.4160     6.4482          6    
Prato.TranTime                              .00000     (Insuf)    .00000     .00000          6    
Prato.OtherTime                             .00000     (Insuf)    .00000     .00000          6    
Prato.TotalTime                             5.1215     (Insuf)    3.1714     7.1833          6    
Jarra.VATime                                .50853     (Insuf)    .45076     .62407          6    
Jarra.NVATime                               .00000     (Insuf)    .00000     .00000          6    
Jarra.WaitTime                              3.8332     (Insuf)    1.9318     4.4675          6    
Jarra.TranTime                              .00000     (Insuf)    .00000     .00000          6    
Jarra.OtherTime                             .00000     (Insuf)    .00000     .00000          6    
Jarra.TotalTime                             4.3418     (Insuf)    2.5559     4.9988          6    
Maquina1.9.Queue.WaitingTime                1.9338     (Insuf)    .44411     2.4729         13    
Maquina1.8.Queue.WaitingTime                1.3617     (Insuf)    .24647     2.3478          5    
Maquina1.7.Queue.WaitingTime                2.2023     (Insuf)    1.2418     2.8969          4    
Maquina1.6.Queue.WaitingTime                1.4610     (Insuf)    .70746     2.3228          4    
Maquina1.5.Queue.WaitingTime                1.3352     (Insuf)    .21627     2.0126          4    
Maquina1.4.Queue.WaitingTime                1.3891     (Insuf)    .64446     2.0157          5    
Maquina1.3.Queue.WaitingTime                1.6828     (Insuf)    .51452     3.0719          3    
Maquina1.2.Queue.WaitingTime                1.5372     (Insuf)    .00000     2.6764          4    

                                     DISCRETE-CHANGE VARIABLES

Identifier                                  Average   Half Width  Minimum    Maximum   Final Value
___________________________________________________________________________________________________

Caneca.WIP                                  2.3026     (Insuf)    .00000     5.0000     .00000    
Prato.WIP                                   3.0083     (Insuf)    .00000     5.0000     .00000    
Jarra.WIP                                   2.5503     (Insuf)    .00000     6.0000     .00000    
Barro.NumberBusy                            1.0000     (Insuf)    .00000     1.0000     .00000    
Barro.NumberScheduled                       1.0000     (Insuf)    1.0000     1.0000     1.0000    
Barro.Utilization                           1.0000     (Insuf)    .00000     1.0000     .00000    
Maquina1.9.Queue.NumberInQueue              2.4611     (Insuf)    .00000     6.0000     .00000    
Maquina1.8.Queue.NumberInQueue              .66657     (Insuf)    .00000     1.0000     .00000    
Maquina1.7.Queue.NumberInQueue              .86243     (Insuf)    .00000     3.0000     .00000    
Maquina1.6.Queue.NumberInQueue              .57212     (Insuf)    .00000     1.0000     .00000    
Maquina1.5.Queue.NumberInQueue              .52287     (Insuf)    .00000     1.0000     .00000    
Maquina1.4.Queue.NumberInQueue              .67996     (Insuf)    .00000     3.0000     .00000    
Maquina1.3.Queue.NumberInQueue              .49424     (Insuf)    .00000     1.0000     .00000    
Maquina1.2.Queue.NumberInQueue              .60198     (Insuf)    .00000     1.0000     .00000    

                                             OUTPUTS

Identifier                                   Value
_____________________________________________________________

Caneca.NumberIn                             6.0000    
Caneca.NumberOut                            6.0000    
Prato.NumberIn                              6.0000    
Prato.NumberOut                             6.0000    
Jarra.NumberIn                              6.0000    
Jarra.NumberOut                             6.0000    
Barro.NumberSeized                          42.000    
Barro.ScheduledUtilization                  1.0000    
System.NumberOut                            18.000    


Simulation run time: 0.37 minutes.
Simulation run completed with 84 error(s) and 0 warning(s).
