
----------------------------------------------------------------------
17707:CSTERR
Entity: 34
A runtime error was detected at time 183.76405 at the following block:

 *   37 191$            WRITE,eventLog,"%s,":Entity.Station:NEXT(175$);

Data type mismatch.
Value: 0.0
Data Type: Real
Expected Data Type: String
----------------------------------------------------------------------



----------------------------------------------------------------------
17707:CSTERR
Entity: 36
A runtime error was detected at time 209.51648 at the following block:

 *   37 191$            WRITE,eventLog,"%s,":Entity.Station:NEXT(175$);

Data type mismatch.
Value: 0.0
Data Type: Real
Expected Data Type: String
----------------------------------------------------------------------



----------------------------------------------------------------------
17707:CSTERR
Entity: 40
A runtime error was detected at time 249.08384 at the following block:

 *   37 191$            WRITE,eventLog,"%s,":Entity.Station:NEXT(175$);

Data type mismatch.
Value: 0.0
Data Type: Real
Expected Data Type: String
----------------------------------------------------------------------



----------------------------------------------------------------------
17707:CSTERR
Entity: 41
A runtime error was detected at time 256.8631 at the following block:

 *   37 191$            WRITE,eventLog,"%s,":Entity.Station:NEXT(175$);

Data type mismatch.
Value: 0.0
Data Type: Real
Expected Data Type: String
----------------------------------------------------------------------



----------------------------------------------------------------------
17707:CSTERR
Entity: 46
A runtime error was detected at time 283.04739 at the following block:

 *   37 191$            WRITE,eventLog,"%s,":Entity.Station:NEXT(175$);

Data type mismatch.
Value: 0.0
Data Type: Real
Expected Data Type: String
----------------------------------------------------------------------



----------------------------------------------------------------------
17707:CSTERR
Entity: 48
A runtime error was detected at time 288.24885 at the following block:

 *   37 191$            WRITE,eventLog,"%s,":Entity.Station:NEXT(175$);

Data type mismatch.
Value: 0.0
Data Type: Real
Expected Data Type: String
----------------------------------------------------------------------



----------------------------------------------------------------------
17707:CSTERR
Entity: 50
A runtime error was detected at time 297.14102 at the following block:

 *   37 191$            WRITE,eventLog,"%s,":Entity.Station:NEXT(175$);

Data type mismatch.
Value: 0.0
Data Type: Real
Expected Data Type: String
----------------------------------------------------------------------



----------------------------------------------------------------------
17707:CSTERR
Entity: 51
A runtime error was detected at time 300.82297 at the following block:

 *   37 191$            WRITE,eventLog,"%s,":Entity.Station:NEXT(175$);

Data type mismatch.
Value: 0.0
Data Type: Real
Expected Data Type: String
----------------------------------------------------------------------



----------------------------------------------------------------------
17707:CSTERR
Entity: 60
A runtime error was detected at time 334.06919 at the following block:

 *   37 191$            WRITE,eventLog,"%s,":Entity.Station:NEXT(175$);

Data type mismatch.
Value: 0.0
Data Type: Real
Expected Data Type: String
----------------------------------------------------------------------



----------------------------------------------------------------------
17707:CSTERR
Entity: 61
A runtime error was detected at time 351.79742 at the following block:

 *   37 191$            WRITE,eventLog,"%s,":Entity.Station:NEXT(175$);

Data type mismatch.
Value: 0.0
Data Type: Real
Expected Data Type: String
----------------------------------------------------------------------



----------------------------------------------------------------------
17707:CSTERR
Entity: 63
A runtime error was detected at time 362.33022 at the following block:

 *   37 191$            WRITE,eventLog,"%s,":Entity.Station:NEXT(175$);

Data type mismatch.
Value: 0.0
Data Type: Real
Expected Data Type: String
----------------------------------------------------------------------



----------------------------------------------------------------------
17707:CSTERR
Entity: 69
A runtime error was detected at time 404.36483 at the following block:

 *   37 191$            WRITE,eventLog,"%s,":Entity.Station:NEXT(175$);

Data type mismatch.
Value: 0.0
Data Type: Real
Expected Data Type: String
----------------------------------------------------------------------



----------------------------------------------------------------------
17707:CSTERR
Entity: 75
A runtime error was detected at time 427.74564 at the following block:

 *   37 191$            WRITE,eventLog,"%s,":Entity.Station:NEXT(175$);

Data type mismatch.
Value: 0.0
Data Type: Real
Expected Data Type: String
----------------------------------------------------------------------



----------------------------------------------------------------------
17707:CSTERR
Entity: 81
A runtime error was detected at time 447.93667 at the following block:

 *   37 191$            WRITE,eventLog,"%s,":Entity.Station:NEXT(175$);

Data type mismatch.
Value: 0.0
Data Type: Real
Expected Data Type: String
----------------------------------------------------------------------



----------------------------------------------------------------------
17707:CSTERR
Entity: 86
A runtime error was detected at time 467.97457 at the following block:

 *   37 191$            WRITE,eventLog,"%s,":Entity.Station:NEXT(175$);

Data type mismatch.
Value: 0.0
Data Type: Real
Expected Data Type: String
----------------------------------------------------------------------



----------------------------------------------------------------------
17707:CSTERR
Entity: 92
A runtime error was detected at time 492.04328 at the following block:

 *   37 191$            WRITE,eventLog,"%s,":Entity.Station:NEXT(175$);

Data type mismatch.
Value: 0.0
Data Type: Real
Expected Data Type: String
----------------------------------------------------------------------



----------------------------------------------------------------------
17707:CSTERR
Entity: 96
A runtime error was detected at time 515.34101 at the following block:

 *   37 191$            WRITE,eventLog,"%s,":Entity.Station:NEXT(175$);

Data type mismatch.
Value: 0.0
Data Type: Real
Expected Data Type: String
----------------------------------------------------------------------



----------------------------------------------------------------------
17707:CSTERR
Entity: 100
A runtime error was detected at time 535.45273 at the following block:

 *   37 191$            WRITE,eventLog,"%s,":Entity.Station:NEXT(175$);

Data type mismatch.
Value: 0.0
Data Type: Real
Expected Data Type: String
----------------------------------------------------------------------



----------------------------------------------------------------------
17707:CSTERR
Entity: 107
A runtime error was detected at time 561.19067 at the following block:

 *   37 191$            WRITE,eventLog,"%s,":Entity.Station:NEXT(175$);

Data type mismatch.
Value: 0.0
Data Type: Real
Expected Data Type: String
----------------------------------------------------------------------



----------------------------------------------------------------------
17707:CSTERR
Entity: 118
A runtime error was detected at time 592.41465 at the following block:

 *   37 191$            WRITE,eventLog,"%s,":Entity.Station:NEXT(175$);

Data type mismatch.
Value: 0.0
Data Type: Real
Expected Data Type: String
----------------------------------------------------------------------



----------------------------------------------------------------------
17707:CSTERR
Entity: 120
A runtime error was detected at time 603.1633 at the following block:

 *   37 191$            WRITE,eventLog,"%s,":Entity.Station:NEXT(175$);

Data type mismatch.
Value: 0.0
Data Type: Real
Expected Data Type: String
----------------------------------------------------------------------


SIMAN Run Controller.

610.79783 Hours>
                                      ARENA Simulation Results
                                      Marco - License: STUDENT

                                  Summary for Replication 1 of 1

Project: Unnamed Project                                             Run execution date : 3/17/2018
Analyst: Ricardo                                                     Model revision date: 3/17/2018

Replication ended at time      : 610.79783 Hours 
Base Time Units: Hours

                                           TALLY VARIABLES

Identifier                                  Average   Half Width  Minimum    Maximum   Observations
___________________________________________________________________________________________________

Entity 1.VATime                             384.79     (Insuf)    322.86     456.42         21    
Entity 1.NVATime                            .00000     (Insuf)    .00000     .00000         21    
Entity 1.WaitTime                           82.673     (Insuf)    2.3573     262.00         21    
Entity 1.TranTime                           .00000     (Insuf)    .00000     .00000         21    
Entity 1.OtherTime                          .00000     (Insuf)    .00000     .00000         21    
Entity 1.TotalTime                          272.85     (Insuf)    182.03     446.77         21    
Process 8.Queue.WaitingTime                 148.12     (Insuf)    .00000     328.08         16    
Batch 1.Queue.WaitingTime                   5.8831     (Insuf)    .00000     39.563         44    

                                     DISCRETE-CHANGE VARIABLES

Identifier                                  Average   Half Width  Minimum    Maximum   Final Value
___________________________________________________________________________________________________

Entity 1.WIP                                31.823     (Insuf)    .00000     60.000     58.000    
Resource 1.NumberBusy                       .91218     (Insuf)    .00000     1.0000     1.0000    
Resource 1.NumberScheduled                  1.0000     (Insuf)    1.0000     1.0000     1.0000    
Resource 1.Utilization                      .91218     (Insuf)    .00000     1.0000     1.0000    
Process 8.Queue.NumberInQueue               9.9081     (Insuf)    .00000     27.000     27.000    
Batch 1.Queue.NumberInQueue                 .42381     (Insuf)    .00000     2.0000     .00000    

                                             OUTPUTS

Identifier                                   Value
_____________________________________________________________

Entity 1.NumberIn                           121.00    
Entity 1.NumberOut                          63.000    
Resource 1.NumberSeized                     16.000    
Resource 1.ScheduledUtilization             .91218    
System.NumberOut                            21.000    


Simulation run time: 0.07 minutes.
Simulation run completed with 21 error(s) and 0 warning(s).
