
                                      ARENA Simulation Results
                                      Marco - License: STUDENT

                                  Summary for Replication 1 of 1

Project: Unnamed Project                                             Run execution date : 3/20/2018
Analyst: Marco                                                       Model revision date: 3/20/2018

Replication ended at time      : 2.3647241 Hours 
Base Time Units: Hours

                                           TALLY VARIABLES

Identifier                                  Average   Half Width  Minimum    Maximum   Observations
___________________________________________________________________________________________________

Entity 1.VATime                             1.1823     (Insuf)    1.1143     1.2504          2    
Entity 1.NVATime                            .00000     (Insuf)    .00000     .00000          2    
Entity 1.WaitTime                           .05715     (Insuf)    .00000     .11430          2    
Entity 1.TranTime                           .00000     (Insuf)    .00000     .00000          2    
Entity 1.OtherTime                          .00000     (Insuf)    .00000     .00000          2    
Entity 1.TotalTime                          1.2395     (Insuf)    1.1143     1.3647          2    
Maquina 1.2.Queue.WaitingTime                   --         --         --         --          0
Maquina 2.3.Queue.WaitingTime               .00000     (Insuf)    .00000     .00000          1    
Maquina 3.2.Queue.WaitingTime               .00000     (Insuf)    .00000     .00000          1    
Maquina 1.4.Queue.WaitingTime               .00000     (Insuf)    .00000     .00000          2    
Maquina 1.5.Queue.WaitingTime                   --         --         --         --          0
Maquina 3.4.Queue.WaitingTime               .00000     (Insuf)    .00000     .00000          1    
Maquina 2.2.Queue.WaitingTime                   --         --         --         --          0
Maquina 1.1.Queue.WaitingTime               .00000     (Insuf)    .00000     .00000          1    
Maquina 3.1.Queue.WaitingTime                   --         --         --         --          0
Maquina 1.3.Queue.WaitingTime               .11430     (Insuf)    .11430     .11430          1    
Maquina 3.3.Queue.WaitingTime                   --         --         --         --          0
Maquina 2.1.Queue.WaitingTime               .00000     (Insuf)    .00000     .00000          1    

                                     DISCRETE-CHANGE VARIABLES

Identifier                                  Average   Half Width  Minimum    Maximum   Final Value
___________________________________________________________________________________________________

Entity 1.WIP                                1.0483     (Insuf)    .00000     2.0000     .00000    
Barro.NumberBusy                            1.0000     (Insuf)    .00000     1.0000     .00000    
Barro.NumberScheduled                       1.0000     (Insuf)    1.0000     1.0000     1.0000    
Barro.Utilization                           1.0000     (Insuf)    .00000     1.0000     .00000    
Maquina 1.2.Queue.NumberInQueue             .00000     (Insuf)    .00000     .00000     .00000    
Maquina 2.3.Queue.NumberInQueue             .00000     (Insuf)    .00000     .00000     .00000    
Maquina 3.2.Queue.NumberInQueue             .00000     (Insuf)    .00000     .00000     .00000    
Maquina 1.4.Queue.NumberInQueue             .00000     (Insuf)    .00000     .00000     .00000    
Maquina 1.5.Queue.NumberInQueue             .00000     (Insuf)    .00000     .00000     .00000    
Maquina 3.4.Queue.NumberInQueue             .00000     (Insuf)    .00000     .00000     .00000    
Maquina 2.2.Queue.NumberInQueue             .00000     (Insuf)    .00000     .00000     .00000    
Maquina 1.1.Queue.NumberInQueue             .00000     (Insuf)    .00000     .00000     .00000    
Maquina 3.1.Queue.NumberInQueue             .00000     (Insuf)    .00000     .00000     .00000    
Maquina 1.3.Queue.NumberInQueue             .04834     (Insuf)    .00000     1.0000     .00000    
Maquina 3.3.Queue.NumberInQueue             .00000     (Insuf)    .00000     .00000     .00000    
Maquina 2.1.Queue.NumberInQueue             .00000     (Insuf)    .00000     .00000     .00000    

                                             OUTPUTS

Identifier                                   Value
_____________________________________________________________

Entity 1.NumberIn                           2.0000    
Entity 1.NumberOut                          2.0000    
Barro.NumberSeized                          8.0000    
Barro.ScheduledUtilization                  1.0000    
System.NumberOut                            2.0000    


Simulation run time: 0.05 minutes.
Simulation run complete.
